
> frontend@0.1.0 start /home/sina/Oracle/profileApp/frontend
> react-scripts start

[34mℹ[39m [90m｢wds｣[39m: Project is running at http://192.168.0.140/
[34mℹ[39m [90m｢wds｣[39m: webpack output is served from 
[34mℹ[39m [90m｢wds｣[39m: Content not from webpack is served from /home/sina/Oracle/profileApp/frontend/public
[34mℹ[39m [90m｢wds｣[39m: 404s will fallback to /
Starting the development server...

Compiled with warnings.

src/App.js
  Line 43:9:  img elements must have an alt prop, either with meaningful text, or an empty string for decorative images  jsx-a11y/alt-text

Search for the keywords to learn more about each warning.
To ignore, add // eslint-disable-next-line to the line before.


> frontend@0.1.0 start /home/sina/Oracle/profileApp/frontend
> react-scripts start

[34mℹ[39m [90m｢wds｣[39m: Project is running at http://192.168.0.140/
[34mℹ[39m [90m｢wds｣[39m: webpack output is served from 
[34mℹ[39m [90m｢wds｣[39m: Content not from webpack is served from /home/sina/Oracle/profileApp/frontend/public
[34mℹ[39m [90m｢wds｣[39m: 404s will fallback to /
Starting the development server...


> frontend@0.1.0 start /home/sina/Oracle/profileApp/frontend
> react-scripts start

[34mℹ[39m [90m｢wds｣[39m: Project is running at http://192.168.0.140/
[34mℹ[39m [90m｢wds｣[39m: webpack output is served from 
[34mℹ[39m [90m｢wds｣[39m: Content not from webpack is served from /home/sina/Oracle/profileApp/frontend/public
[34mℹ[39m [90m｢wds｣[39m: 404s will fallback to /
Starting the development server...

Compiled with warnings.

src/App.js
  Line 43:9:  img elements must have an alt prop, either with meaningful text, or an empty string for decorative images  jsx-a11y/alt-text

Search for the keywords to learn more about each warning.
To ignore, add // eslint-disable-next-line to the line before.


> frontend@0.1.0 start /home/sina/Oracle/profileApp/frontend
> react-scripts start

[34mℹ[39m [90m｢wds｣[39m: Project is running at http://192.168.0.140/
[34mℹ[39m [90m｢wds｣[39m: webpack output is served from 
[34mℹ[39m [90m｢wds｣[39m: Content not from webpack is served from /home/sina/Oracle/profileApp/frontend/public
[34mℹ[39m [90m｢wds｣[39m: 404s will fallback to /
Starting the development server...

Compiled with warnings.

src/App.js
  Line 43:9:  img elements must have an alt prop, either with meaningful text, or an empty string for decorative images  jsx-a11y/alt-text

Search for the keywords to learn more about each warning.
To ignore, add // eslint-disable-next-line to the line before.


> frontend@0.1.0 start /home/sina/Oracle/profileApp/frontend
> react-scripts start

[34mℹ[39m [90m｢wds｣[39m: Project is running at http://192.168.0.140/
[34mℹ[39m [90m｢wds｣[39m: webpack output is served from 
[34mℹ[39m [90m｢wds｣[39m: Content not from webpack is served from /home/sina/Oracle/profileApp/frontend/public
[34mℹ[39m [90m｢wds｣[39m: 404s will fallback to /
Starting the development server...

Compiled with warnings.

src/App.js
  Line 43:9:  img elements must have an alt prop, either with meaningful text, or an empty string for decorative images  jsx-a11y/alt-text

Search for the keywords to learn more about each warning.
To ignore, add // eslint-disable-next-line to the line before.

