Watching for file changes with StatReloader
Performing system checks...

System check identified no issues (0 silenced).
January 03, 2021 - 04:23:17
Django version 3.1.4, using settings 'backend.settings'
Starting development server at http://127.0.0.1:8000/
Quit the server with CONTROL-C.
[03/Jan/2021 04:23:33] "GET /api/profileApps/ HTTP/1.1" 200 532
[03/Jan/2021 04:23:41] "OPTIONS /api/profileApps/1/ HTTP/1.1" 200 0
[03/Jan/2021 04:23:41] "PUT /api/profileApps/1/ HTTP/1.1" 200 530
[03/Jan/2021 04:23:41] "GET /api/profileApps/ HTTP/1.1" 200 532
Watching for file changes with StatReloader
Performing system checks...

System check identified no issues (0 silenced).
January 03, 2021 - 04:25:46
Django version 3.1.4, using settings 'backend.settings'
Starting development server at http://127.0.0.1:8000/
Quit the server with CONTROL-C.
[03/Jan/2021 04:26:02] "GET /api/profileApps/ HTTP/1.1" 200 532
Watching for file changes with StatReloader
Performing system checks...

System check identified no issues (0 silenced).
January 03, 2021 - 04:28:53
Django version 3.1.4, using settings 'backend.settings'
Starting development server at http://127.0.0.1:8000/
Quit the server with CONTROL-C.
[03/Jan/2021 04:29:10] "GET /api/profileApps/ HTTP/1.1" 200 532
